Arguments: 
  /home/germans/.nvm/versions/node/v16.17.0/bin/node /home/germans/.yarn/releases/yarn-1.22.19.cjs add -D lint-staged

PATH: 
  /home/germans/.vscode-server/bin/e4503b30fc78200f846c62cf8091b76ff5547662/bin/remote-cli:/home/germans/.nvm/versions/node/v16.17.0/bin:/usr/local/sbin:/usr/local/bin:/usr/sbin:/usr/bin:/sbin:/bin:/usr/games:/usr/local/games:/usr/lib/wsl/lib:/mnt/c/Program Files/Python310/Scripts/:/mnt/c/Program Files/Python310/:/mnt/c/Program Files/Common Files/Oracle/Java/javapath:/mnt/c/Python310/Scripts/:/mnt/c/Python310/:/mnt/c/Python39/Scripts/:/mnt/c/Python39/:/mnt/c/Program Files (x86)/Common Files/Intel/Shared Libraries/redist/intel64_win/compiler:/mnt/c/Program Files (x86)/Common Files/Intel/Shared Libraries/redist/intel64/compiler:/mnt/c/Windows/system32:/mnt/c/Windows:/mnt/c/Windows/System32/Wbem:/mnt/c/Windows/System32/WindowsPowerShell/v1.0/:/mnt/c/Windows/System32/OpenSSH/:/mnt/c/Program Files/Microsoft SQL Server/130/Tools/Binn/:/mnt/c/Program Files/Microsoft SQL Server/Client SDK/ODBC/170/Tools/Binn/:/mnt/c/Program Files (x86)/Microsoft SQL Server/150/Tools/Binn/:/mnt/c/Program Files/Microsoft SQL Server/150/Tools/Binn/:/mnt/c/Program Files/Microsoft SQL Server/150/DTS/Binn/:/mnt/c/Program Files (x86)/Microsoft SQL Server/150/DTS/Binn/:/mnt/c/Program Files/Azure Data Studio/bin:/mnt/c/Program Files/mingw-w64/x86_64-8.1.0-posix-seh-rt_v6-rev0/mingw64/bin:/mnt/c/Program Files/PuTTY/:/mnt/c/ProgramData/chocolatey/bin:/mnt/c/Users/German/AppData/Roaming/nvm:/mnt/c/Program Files/nodejs:/mnt/c/Program Files/Java/jdk-17.0.1/bin:/mnt/c/Users/German/soft/apache-maven-3.8.4/bin:/mnt/c/Program Files (x86)/NVIDIA Corporation/PhysX/Common:/mnt/c/Program Files/NVIDIA Corporation/NVIDIA NvDLISR:/mnt/c/WINDOWS/system32:/mnt/c/WINDOWS:/mnt/c/WINDOWS/System32/Wbem:/mnt/c/WINDOWS/System32/WindowsPowerShell/v1.0/:/mnt/c/WINDOWS/System32/OpenSSH/:/mnt/c/Program Files/Git/cmd:/mnt/c/Program Files/Git/mingw64/bin:/mnt/c/Program Files/Git/usr/bin:/mnt/c/Program Files/JetBrains/IntelliJ IDEA 2021.2/bin:/mnt/c/wamp64/bin/php/php5.6.40:/mnt/c/Users/German/AppData/Local/ComposerSetup/bin:/mnt/c/Users/German/AppData/Roaming/Composer/vendor/bin:/mnt/c/Users/German/AppData/Local/Programs/Microsoft VS Code/bin:/mnt/c/Program Files/JetBrains/WebStorm 2021.2/bin:/mnt/c/Program Files/JetBrains/PyCharm 2021.2/bin:/mnt/c/Program Files/JetBrains/PhpStorm 2021.2/bin:/mnt/c/Program Files/heroku/bin:/mnt/c/Users/German/AppData/Roaming/npm:/mnt/c/ffmpeg/bin:/mnt/c/Users/German/AppData/Local/Microsoft/WindowsApps

Yarn version: 
  1.22.19

Node version: 
  16.17.0

Platform: 
  linux x64

Trace: 
  Error: https://registry.yarnpkg.com/lint-staged: ETIMEDOUT
      at Timeout._onTimeout (/home/germans/.yarn/releases/yarn-1.22.19.cjs:135957:19)
      at listOnTimeout (node:internal/timers:559:17)
      at processTimers (node:internal/timers:502:7)

npm manifest: 
  {
      "name": "mern-ecommerce",
      "version": "1.0.0",
      "main": "index.js",
      "scripts": {
          "prepare": "husky install"
      },
      "author": "rakitenkogermans <rakitenko.germans@gmail.com>",
      "license": "MIT",
      "devDependencies": {
          "husky": "^8.0.1"
      }
  }

yarn manifest: 
  No manifest

Lockfile: 
  # THIS IS AN AUTOGENERATED FILE. DO NOT EDIT THIS FILE DIRECTLY.
  # yarn lockfile v1
  
  
  husky@^8.0.1:
    version "8.0.1"
    resolved "https://registry.yarnpkg.com/husky/-/husky-8.0.1.tgz#511cb3e57de3e3190514ae49ed50f6bc3f50b3e9"
    integrity sha512-xs7/chUH/CKdOCs7Zy0Aev9e/dKOMZf3K1Az1nar3tzlv0jfqnYtu235bstsWTmXOR0EfINrPa97yy4Lz6RiKw==
